Machine::pre_init()
Initializing the CPU: 
MMU::init::dat.e=0x80005000,bss.b=0x80005000,bss.e=0x8000512c
done!
Initializing system's heap: 
done!
Initializing the machine: 
Machine::init()
Timer::init()
done!
Initializing system abstractions: 
done!
Randomizing the Random Numbers Generator's seed: 
done!
Initializing application's heap: 
done!
INIT ends here!
Dispatching the first thread: 0x87ffbfc4
prev={0x87ffbfc4,ctx={x5=0,x6=0,x7=0,x8=0x80000306,x9=0,x10=0,x11=0,x12=0x800004
64,x13=0x87ff3f54,x14=0,x15=0,x16=0,x17=0,x18=0,x19=0,x20=0,x21=0,x22=0,x23=0,x2
4=0,x25=0,x26=0,x27=0,x28=0,x29=0,x30=0,x31=0,sp=0x87ffbf4c,lr=0x800024f6,pc=0x8
0000228}}
next={0x87ff3f54,ctx={x5=0,x6=0,x7=0,x8=0,x9=0,x10=0,x11=0,x12=0,x13=0,x14=0,x15
=0,x16=0,x17=0,x18=0,x19=0,x20=0,x21=0,x22=0,x23=0,x24=0,x25=0,x26=0,x27=0,x28=0
,x29=0,x30=0,x31=0,sp=0x87ff3edc,lr=0x80000bb2,pc=0x80000306}}
th1
prev={0x87ff3f54,ctx={x5=0,x6=0,x7=0,x8=0xf4240,x9=0,x10=0,x11=0,x12=0x80000348,
x13=0,x14=0,x15=0,x16=0xffffffff,x17=0x87ff3f68,x18=0x87ff3f68,x19=1,x20=0x87ff3
f10,x21=0x80003888,x22=0,x23=0,x24=0x3e7,x25=0x87ff3ee8,x26=0x3e8,x27=1,x28=0x87
ff3f08,x29=0xf4240,x30=0,x31=0,sp=0x87ff3edc,lr=0x80000f84,pc=0x80000bb2}}
next={0x87ff7f98,ctx={x5=0,x6=0,x7=0,x8=0,x9=0,x10=0,x11=0,x12=0,x13=0,x14=0,x15
=0,x16=0,x17=0,x18=0,x19=0,x20=0,x21=0,x22=0,x23=0,x24=0,x25=0,x26=0,x27=0,x28=0
,x29=0,x30=0,x31=0,sp=0x87ff7f20,lr=0x80000bb2,pc=0x800029dc}}
prev={0x87ff7f98,ctx={x5=0,x6=0,x7=0,x8=0x800029dc,x9=0,x10=0,x11=0,x12=0,x13=0,
x14=0,x15=0,x16=0,x17=3,x18=1,x19=0x80005000,x20=88,x21=0,x22=0,x23=0x80000bb2,x
24=0x80003242,x25=0,x26=0,x27=0,x28=0x8000328a,x29=0,x30=0,x31=0,sp=0x87ff7f20,l
r=0x800033d6,pc=0x80000bb2}}
next={0x87ff3f54,ctx={x5=0,x6=d,x7=0,x8=0x87ff3f54,x9=0x87ff7f98,x10=0x87ff3f58,
x11=0x87ff7f20,x12=0x80005000,x13=0,x14=17,x15=0x10000000,x16=9,x17=0x80005000,x
18=0x80005000,x19=0x80005028,x20=a,x21=0x80003000,x22=0x80004000,x23=0x80004000,
x24=0,x25=0,x26=0,x27=0,x28=4f,x29=0,x30=0,x31=0x80000306,sp=0x87ff3d8c,lr=0x800
01a98,pc=0x800036a8}}
prev={0x87ff3f54,ctx={x5=0,x6=d,x7=0,x8=0x87ff3f54,x9=0x87ff7f98,x10=0x87ff3f58,
x11=0x87ff7f20,x12=0x80005000,x13=0,x14=17,x15=0x10000000,x16=9,x17=0x80005000,x
18=0x80005000,x19=0x80005028,x20=a,x21=0x80003000,x22=0x80004000,x23=0x80004000,
x24=0,x25=0,x26=0,x27=0,x28=4f,x29=0,x30=0,x31=0x80000306,sp=0x87ff3d8c,lr=0x800
01a98,pc=0x800036a8}}
next={0x87ffbfc4,ctx={x5=0,x6=d,x7=0,x8=0x87ffbfc4,x9=0x87ff3f54,x10=0x87ffbfc8,
x11=0x87ff3edc,x12=0x80005000,x13=0,x14=14,x15=0x10000000,x16=9,x17=0x80005000,x
18=0x80005000,x19=0x80005028,x20=a,x21=0x80003000,x22=0x80004000,x23=0x80004000,
x24=0,x25=0,x26=0,x27=0,x28=4f,x29=0,x30=0,x31=0x80000220,sp=0x87ffbe4c,lr=0x800
01a98,pc=0x800036a8}}
prev={0x87ffbfc4,ctx={x5=0,x6=d,x7=0,x8=0x87ffbfc4,x9=0x87ff3f54,x10=0x87ffbfc8,
x11=0x87ff3edc,x12=0x80005000,x13=0,x14=14,x15=0x10000000,x16=9,x17=0x80005000,x
18=0x80005000,x19=0x80005028,x20=a,x21=0x80003000,x22=0x80004000,x23=0x80004000,
x24=0,x25=0,x26=0,x27=0,x28=4f,x29=0,x30=0,x31=0x80000220,sp=0x87ffbe4c,lr=0x800
01a98,pc=0x800036a8}}
next={0x87ff7f98,ctx={x5=0,x6=d,x7=0,x8=0x87ff7f98,x9=0x87ff3f54,x10=0x87ff7f9c,
x11=0x87ff3d8c,x12=0x80005000,x13=0,x14=19,x15=0x10000000,x16=9,x17=0x80005000,x
18=0x80005000,x19=0x80005028,x20=a,x21=0x80003000,x22=0x80004000,x23=0x80004000,
x24=0,x25=0,x26=0,x27=0,x28=4f,x29=0,x30=0,x31=0x800029dc,sp=0x87ff7d60,lr=0x800
01a98,pc=0x800036a8}}
The last thread has exited!
Rebooting the machine ...
Machine::reboot()
QEMU: Terminated
