Machine::pre_init()
Producer x Consumer
P->a	C<-a	P->b	C<-b	P->c	C<-c	P->d	C
<-d	P->e	C<-e	P->f	C<-f	P->g	C<-g	P
->h	C<-h	P->i	C<-i	P->j	C<-j	P->k	C
<-k	P->l	C<-l	P->m	C<-m	P->n	C<-n	P
->o	C<-o	P->p	C<-p	P->a	C<-a	P->b	C
<-b	P->c	C<-c	P->d	C<-d	P->e	C<-e	P
->f	C<-f	P->g	C<-g	P->h	C<-h	P->i	C
<-i	P->j	C<-j	P->k	C<-k	P->l	C<-l	P
->m	C<-m	P->n	C<-n	P->o	C<-o	P->p	C
<-p	P->a	C<-a	P->b	C<-b	P->c	C<-c	P
->d	C<-d	P->e	C<-e	P->f	C<-f	P->g	C
<-g	P->h	C<-h	P->i	C<-i	P->j	C<-j	P
->k	C<-k	P->l	C<-l	P->m	C<-m	P->n	C
<-n	P->o	C<-o	P->p	C<-p	P->a	C<-a	P
->b	C<-b	P->c	C<-c	P->d	C<-d	P->e	C
<-e	P->f	C<-f	P->g	C<-g	P->h	C<-h	P
->i	C<-i	P->j	C<-j	P->k	C<-k	P->l	C
<-l	P->m	C<-m	P->n	C<-n	P->o	C<-o	P
->p	C<-p	P->a	C<-a	P->b	C<-b	P->c	C
<-c	P->d	C<-d	P->e	C<-e	P->f	C<-f	P
->g	C<-g	P->h	C<-h	P->i	C<-i	P->j	C
<-j	P->k	C<-k	P->l	C<-l	P->m	C<-m	P
->n	C<-n	P->o	C<-o	P->p	C<-p	P->a	C
<-a	P->b	C<-b	P->c	C<-c	P->d	C<-d	P
->e	C<-e	P->f	C<-f	P->g	C<-g	P->h	C
<-h	P->i	C<-i	P->j	C<-j	P->k	C<-k	P
->l	C<-l	P->m	C<-m	P->n	C<-n	P->o	C
<-o	P->p	C<-p	P->a	C<-a	P->b	C<-b	P
->c	C<-c	P->d	C<-d	The end!
The last thread has exited!
Rebooting the machine ...
Machine::reboot()
QEMU: Terminated
